fbd7effb97e8b58c968c5b71cd717e65
// CRASH: com.cmcm.live (pid 5249) (dump time: 2018-07-22 10:38:10)
// Build Time: 1502996665000
// java.lang.NullPointerException: Attempt to invoke virtual method 'boolean java.lang.String.contains(java.lang.CharSequence)' on a null object reference
// 	at com.github.moduth.blockcanary.DisplayService.afterDefaultHandling(DisplayService.java:73)
// 	at com.github.moduth.blockcanary.DisplayService.onBlock(DisplayService.java:50)
// 	at com.github.moduth.blockcanary.BlockCanaryInternals$1.onBlockEvent(BlockCanaryInternals.java:67)
// 	at com.github.moduth.blockcanary.LooperMonitor$1.run(LooperMonitor.java:80)
// 	at android.os.Handler.handleCallback(Handler.java:789)
// 	at android.os.Handler.dispatchMessage(Handler.java:98)
// 	at android.os.Looper.loop(Looper.java:164)
// 	at android.os.HandlerThread.run(HandlerThread.java:65)
// 


// OOM: com.cmcm.live (pid 0) (dump time: 2018-07-22 10:38:19)
// Build Time: 1502996665000
// NOT RESPONDING: com.cmcm.live (pid 0) (stat ANR in com.cmcm.live (com.cmcm.live/com.cmcm.cmlive.activity.VideoListActivity)
PID: 5249
Reason: Input dispatching timed out (Waiting because no window has focus but there is a focused application that may eventually add a window when it finishes starting up.)
Load: 17.21 / 13.78 / 12.05
CPU usage from 0ms to 15337ms later (2018-07-22 10:38:04.465 to 2018-07-22 10:38:19.802):
  39% 775/system_server: 25% user + 14% kernel / faults: 9851 minor 809 major
  32% 5354/com.google.android.gms.persistent: 21% user + 11% kernel / faults: 21339 minor 424 major
  12% 5209/com.google.android.inputmethod.latin: 8.7% user + 3.4% kernel / faults: 5828 minor 122 major
  9.3% 5377/com.google.android.gms: 6.1% user + 3.1% kernel / faults: 11060 minor 211 major
  7.6% 3436/adbd: 1.3% user + 6.2% kernel / faults: 4760 minor
  6.9% 5464/io.rong.push: 5.3% user + 1.5% kernel / faults: 4048 minor 2 major
  6.1% 557/audioserver: 2.1% user + 3.9% kernel / faults: 484 minor 30 major
  5.7% 268/mmcqd/0: 0% user + 5.7% kernel
  5.2% 5397/com.google.process.gapps: 2.5% user + 2.6% kernel / faults: 1982 minor
  4.1% 570/mediaserver: 2.1% user + 1.9% kernel / faults: 832 minor 7 major
  3.4% 1275/com.android.systemui: 2% user + 1.3% kernel / faults: 1618 minor 324 major
  3.2% 357/logd: 1.2% user + 1.9% kernel / faults: 45 minor 3 major
  2.8% 583/media.codec: 1.5% user + 1.3% kernel / faults: 533 minor 4 major
  2.3% 426/surfaceflinger: 0.9% user + 1.4% kernel / faults: 1013 minor 16 major
  2.1% 10663/kworker/u13:4: 0% user + 2.1% kernel
  1.7% 10792/logcat: 0.9% user + 0.8% kernel / faults: 27 minor 2 major
  1.6% 5135/kworker/u13:8: 0% user + 1.6% kernel
  1.5% 10348/kworker/u13:1: 0% user + 1.5% kernel
  1.3% 1767/com.android.phone: 0.7% user + 0.6% kernel / faults: 1651 minor 345 major
  1.3% 135/kswapd0: 0% user + 1.3% kernel
  1.3% 5066/kworker/u13:7: 0% user + 1.3% kernel
  1.3% 10664/kworker/u13:5: 0% user + 1.3% kernel
  0.8% 10/rcu_preempt: 0% user + 0.8% kernel
  0.7% 166/hwrng: 0% user + 0.7% kernel
  0.7% 358/servicemanager: 0.2% user + 0.5% kernel
  0.7% 1213/com.android.bluetooth: 0.1% user + 0.5% kernel / faults: 1313 minor 40 major
  0.7% 3074/com.android.nfc: 0.3% user + 0.4% kernel / faults: 1537 minor 324 major
  0.7% 23346/kworker/0:0: 0% user + 0.7% kernel
  0.6% 538/jbd2/dm-2-8: 0% user + 0.6% kernel
  0.6% 3062/com.quicinc.cne.CNEService: 0.3% user + 0.2% kernel / faults: 1434 minor 304 major
  0.5% 571/netd: 0.1% user + 0.3% kernel / faults: 360 minor 1 major
  0.5% 521/dmcrypt_write: 0% user + 0.5% kernel
  0.5% 11689/tv.panda.test.monkey: 0.3% user + 0.1% kernel / faults: 2073 minor 13 major
  0% 3087/com.qualcomm.qti.rcsbootstraputil: 0% user + 0% kernel / faults: 1923 minor 260 major
  0% 3102/com.qualcomm.qti.rcsimsbootstraputil: 0% user + 0% kernel / faults: 1948 minor 267 major
  0.3% 25/ksoftirqd/3: 0% user + 0.3% kernel
  0.3% 5511/com.google.android.inputmethod.latin:train: 0.3% user + 0% kernel / faults: 291 minor
  0.3% 10356/kworker/u13:3: 0% user + 0.3% kernel
  0.3% 11431/kworker/u12:9: 0% user + 0.3% kernel
  0.3% 53/kworker/u13:0: 0% user + 0.3% kernel
  0.3% 567/media.extractor: 0.2% user + 0% kernel / faults: 76 minor 8 major
  0.3% 25045/kworker/1:2: 0% user + 0.3% kernel
  0.2% 463/irq/215-fc38800: 0% user + 0.2% kernel
  0.2% 556/zygote: 0% user + 0.1% kernel / faults: 475 minor
  0.2% 10631/kworker/2:1: 0% user + 0.2% kernel
  0.2% 10935/uiautomator: 0.1% user + 0.1% kernel / faults: 55 minor
  0.2% 18188/mdss_fb0: 0% user + 0.2% kernel
  0.2% 18846/kworker/u12:11: 0% user + 0.2% kernel
  0.1% 13/rcuc/1: 0% user + 0.1% kernel
  0.1% 296/msm-core:sampli: 0% user + 0.1% kernel
  0.1% 359/hwservicemanager: 0.1% user + 0% kernel / faults: 30 minor 14 major
  0.1% 10454/kworker/u12:2: 0% user + 0.1% kernel
  0.1% 3/ksoftirqd/0: 0% user + 0.1% kernel
  0.1% 8/rcuc/0: 0% user + 0.1% kernel
  0.1% 15/ksoftirqd/1: 0% user + 0.1% kernel
  0.1% 18/rcuc/2: 0% user + 0.1% kernel
  0.1% 20/ksoftirqd/2: 0% user + 0.1% kernel
  0.1% 23/rcuc/3: 0% user + 0.1% kernel
  0.1% 66/system: 0% user + 0.1% kernel
  0.1% 418/android.hardware.graphics.allocator@2.0-service: 0% user + 0.1% kernel / faults: 8 minor
  0.1% 420/android.hardware.wifi@1.0-service: 0% user + 0.1% kernel / faults: 155 minor 4 major
  0.1% 425/lmkd: 0% user + 0.1% kernel
  0.1% 548/perfd: 0% user + 0.1% kernel / faults: 29 minor
  0.1% 551/thermal-engine: 0% user + 0% kernel
  0% 631/tombstoned: 0% user + 0% kernel / faults: 78 minor 41 major
  0.1% 1203/VosMCThread: 0% user + 0.1% kernel
  0.1% 10185/kworker/u12:1: 0% user + 0.1% kernel
  0.1% 11430/kworker/u12:8: 0% user + 0.1% kernel
  0% 202/spi7: 0% user + 0% kernel
  0% 414/irq/502-wcd9xxx: 0% user + 0% kernel
  0% 424/msm_irqbalance: 0% user + 0% kernel
  0% 558/cameraserver: 0% user + 0% kernel / faults: 58 minor 12 major
  0% 559/drmserver: 0% user + 0% kernel / faults: 110 minor 7 major
  0% 566/mediadrmserver: 0% user + 0% kernel / faults: 199 minor 31 major
  0% 2307/wcnss_filter: 0% user + 0% kernel / faults: 54 minor 1 major
  0% 5085/com.cmcm.live:QALSERVICE: 0% user + 0% kernel / faults: 56 minor
  0% 6810/kworker/0:2: 0% user + 0% kernel
  0% 25341/atx-agent: 0% user + 0% kernel / faults: 29 minor
 +0% 5828/com.cmcm.live: 0% user + 0% kernel
 +0% 5934/com.cmcm.live:ipc: 0% user + 0% kernel
98% TOTAL: 66% user + 27% kernel + 0.3% iowait + 2.1% irq + 1.7% softirq
CPU usage from 11701ms to 12429ms later (2018-07-22 10:38:16.166 to 2018-07-22 10:38:16.893):
  161% 5828/com.cmcm.live: 142% user + 18% kernel / faults: 1472 minor 17 major
    49% 5945/Queue: 47% user + 1.4% kernel
    23% 6023/Thread-12: 21% user + 1.4% kernel
    14% 5994/pool-15-thread-: 12% user + 1.4% kernel
    11% 6009/WebSocket: 8.6% user + 2.8% kernel
    10% 5828/com.cmcm.live: 7.2% user + 2.8% kernel
    7.2% 5914/BackgroundThrea: 5.7% user + 1.4% kernel
    5.7% 5875/AsyncTask #3: 4.3% user + 1.4% kernel
    5.7% 6029/Thread-15: 5.7% user + 0% kernel
    4.3% 5892/queued-work-loo: 4.3% user + 0% kernel
    4.3% 5944/Queue: 4.3% user + 0% kernel
    4.3% 5958/pool-11-thread-: 4.3% user + 0% kernel
    4.3% 5998/RenderThread: 2.8% user + 1.4% kernel
    4.3% 6027/Thread-14: 4.3% user + 0% kernel
    2.8% 5841/Jit thread pool: 0% user + 2.8% kernel
    2.8% 6031/Thread-16: 1.4% user + 1.4% kernel
    1.4% 5845/FinalizerDaemon: 1.4% user + 0% kernel
    1.4% 5851/Profile Saver: 1.4% user + 0% kernel
    1.4% 5882/BlockCanary-loo: 1.4% user + 0% kernel
    1.4% 6026/CMIM: 1.4% user + 0% kernel
   +0% 6058/pool-20-thread-: 0% user + 0% kernel
  59% 775/system_server: 45% user + 13% kernel / faults: 308 minor 1 major
    19% 784/HeapTaskDaemon: 17% user + 1.3% kernel
    11% 790/ActivityManager: 1.3% user + 9.6% kernel
    8.2% 845/android.anim: 8.2% user + 0% kernel
    2.7% 5319/Binder:775_D: 2.7% user + 0% kernel
    1.3% 791/android.ui: 1.3% user + 0% kernel
    1.3% 1843/Binder:775_5: 0% user + 1.3% kernel
    1.3% 2170/Binder:775_7: 1.3% user + 0% kernel
    1.3% 6245/Binder:775_15: 1.3% user + 0% kernel
    1.3% 6474/Binder:775_1D: 1.3% user + 0% kernel
    1.3% 6615/Binder:775_10: 0% user + 1.3% kernel
    1.3% 6622/Binder:775_14: 1.3% user + 0% kernel
    1.3% 27841/Binder:775_19: 1.3% user + 0% kernel
    1.3% 28345/Binder:775_1B: 1.3% user + 0% kernel
  37% 5934/com.cmcm.live:ipc: 31% user + 5.7% kernel / faults: 1689 minor 3 major
    17% 5934/m.cmcm.live:ipc: 14% user + 2.8% kernel
    4.3% 5951/Jit thread pool: 2.8% user + 1.4% kernel
    2.8% 6002/BlockCanary-wri: 2.8% user + 0% kernel
   +0% 6054/anr_checker: 0% user + 0% kernel
   +0% 6055/BackgroundThrea: 0% user + 0% kernel
   +0% 6056/IPC_WORK: 0% user + 0% kernel
   +0% 6057/PING_WORK: 0% user + 0% kernel
   +0% 6060/m.cmcm.live:ipc: 0% user + 0% kernel
  20% 5354/com.google.android.gms.persistent: 14% user + 5.7% kernel / faults: 453 minor 2 major
    5.7% 5624/lowpool[0]: 2.8% user + 2.8% kernel
    5.7% 5796/GoogleLocationS: 5.7% user + 0% kernel
    4.2% 5991/Thread-4: 2.8% user + 1.4% kernel
    2.8% 5840/CMEventHandler: 1.4% user + 1.4% kernel
   +0% 6061/pool-36-thread-: 0% user + 0% kernel
  15% 5209/com.google.android.inputmethod.latin: 12% user + 2.8% kernel / faults: 710 minor 14 major
    4.3% 5432/sp-control-1: 4.3% user + 0% kernel
    4.3% 5614/ExUtils-P1-1: 4.3% user + 0% kernel
    2.8% 5209/putmethod.latin: 1.4% user + 1.4% kernel
    1.4% 5215/HeapTaskDaemon: 1.4% user + 0% kernel
   +0% 6064/ExUtils-F-P2-2: 0% user + 0% kernel
   +0% 6065/ExUtils-F-P2-3: 0% user + 0% kernel
   +0% 6066/ExUtils-F-P2-4: 0% user + 0% kernel
   +0% 6067/ExUtils-F-P10-5: 0% user + 0% kernel
   +0% 6068/ExUtils-F-P10-6: 0% user + 0% kernel
  10% 557/audioserver: 4% user + 6.7% kernel / faults: 1 minor
    5.4% 3694/writer: 0% user + 5.4% kernel
    4% 727/FastMixer: 0% user + 4% kernel
  9.5% 426/surfaceflinger: 5.4% user + 4.1% kernel / faults: 182 minor
    8.2% 426/surfaceflinger: 5.4% user + 2.7% kernel
    1.3% 490/EventControl: 0% user + 1.3% kernel
  8.5% 3436/adbd: 1.4% user + 7.1% kernel / faults: 223 minor
    4.2% 3436/adbd: 0% user + 4.2% kernel
    1.4% 3455/->transport: 0% user + 1.4% kernel
    1.4% 3456/<-transport: 0% user + 1.4% kernel
   +0% 6070/shell srvc 6069: 0% user + 0% kernel
  5.4% 268/mmcqd/0: 0% user + 5.4% kernel
  5.7% 5377/com.google.android.gms: 2.8% user + 2.8% kernel / faults: 145 minor
    2.8% 6050/Measurement Wor: 2.8% user + 0% kernel
  4.1% 357/logd: 1.3% user + 2.7% kernel / faults: 1 minor 1 major
    2.7% 10794/logd.reader.per: 1.3% user + 1.3% kernel
    1.3% 363/logd.writer: 0% user + 1.3% kernel
  2.7% 570/mediaserver: 0% user + 2.7% kernel / faults: 1 minor
    1.3% 6034/NPDecoder: 0% user + 1.3% kernel
    1.3% 6035/NPDecoder-CL: 0% user + 1.3% kernel
  2.7% 583/media.codec: 1.3% user + 1.3% kernel / faults: 2 minor
    1.3% 6036/.vorbis.decoder: 1.3% user + 0% kernel
  2.8% 5397/com.google.process.gapps: 1.4% user + 1.4% kernel / faults: 14 minor
    1.4% 5409/Binder:5397_1: 1.4% user + 0% kernel
    1.4% 5441/Binder:5397_3: 0% user + 1.4% kernel
  1.4% 10/rcu_preempt: 0% user + 1.4% kernel
  0.5% 25/ksoftirqd/3: 0% user + 0.5% kernel
  0.5% 358/servicemanager: 0% user + 0.5% kernel
  0.6% 538/jbd2/dm-2-8: 0% user + 0.6% kernel
  1.4% 5135/kworker/u13:8: 0% user + 1.4% kernel
  0.8% 10454/kworker/u12:2: 0% user + 0.8% kernel
  1.4% 10663/kworker/u13:4: 0% user + 1.4% kernel
  1.4% 10664/kworker/u13:5: 0% user + 1.4% kernel
  1.4% 10792/logcat: 0% user + 1.4% kernel
  1% 18188/mdss_fb0: 0% user + 1% kernel
  1% 18846/kworker/u12:11: 0% user + 1% kernel
  1% 23346/kworker/0:0: 0% user + 1% kernel
98% TOTAL: 65% user + 27% kernel + 0.3% iowait + 2.4% irq + 2% softirq
)


